<?xml version="1.0" encoding="UTF-8"?>
<!-- Generated by org.testng.reporters.JUnitReportReporter -->
<testsuite skipped="0" hostname="EN62917" name="SumTest.SumTestIT" tests="2" failures="0" timestamp="03 Aug 2017 20:11:20 GMT" time="0.004" errors="0">
  <testcase name="doubleAdd" time="0.000" classname="SumTest.SumTestIT"/>
  <testcase name="addIntegers" time="0.004" classname="SumTest.SumTestIT"/>
</testsuite> <!-- SumTest.SumTestIT -->
